current directory: /home/caio/projetos/myrottenpotatoes/.gems/gems/ed25519-1.4.0/ext/ed25519_ref10
/nix/store/s57rf37r1i38kpm3nlv4h8f8z2w2n80d-ruby-3.4.8/bin/ruby extconf.rb
checking for whether -Wall is accepted as CFLAGS... yes
checking for whether -O3 is accepted as CFLAGS... yes
checking for whether -pedantic is accepted as CFLAGS... yes
checking for whether -std=c99 is accepted as CFLAGS... no
creating Makefile

current directory: /home/caio/projetos/myrottenpotatoes/.gems/gems/ed25519-1.4.0/ext/ed25519_ref10
make DESTDIR\= sitearchdir\=./.gem.20260408-204854-59h15t sitelibdir\=./.gem.20260408-204854-59h15t clean

current directory: /home/caio/projetos/myrottenpotatoes/.gems/gems/ed25519-1.4.0/ext/ed25519_ref10
make DESTDIR\= sitearchdir\=./.gem.20260408-204854-59h15t sitelibdir\=./.gem.20260408-204854-59h15t
compiling ed25519_ref10.c
compiling fe.c
compiling ge.c
compiling keypair.c
compiling open.c
compiling sc_muladd.c
compiling sc_reduce.c
compiling sha512.c
compiling sign.c
compiling verify.c
linking shared-object ed25519_ref10.so

current directory: /home/caio/projetos/myrottenpotatoes/.gems/gems/ed25519-1.4.0/ext/ed25519_ref10
make DESTDIR\= sitearchdir\=./.gem.20260408-204854-59h15t sitelibdir\=./.gem.20260408-204854-59h15t install
install -c -p -m 755 ed25519_ref10.so ./.gem.20260408-204854-59h15t

current directory: /home/caio/projetos/myrottenpotatoes/.gems/gems/ed25519-1.4.0/ext/ed25519_ref10
make DESTDIR\= sitearchdir\=./.gem.20260408-204854-59h15t sitelibdir\=./.gem.20260408-204854-59h15t clean
