current directory: /home/caio/projetos/myrottenpotatoes/.gems/gems/bigdecimal-4.1.1/ext/bigdecimal
/nix/store/s57rf37r1i38kpm3nlv4h8f8z2w2n80d-ruby-3.4.8/bin/ruby extconf.rb
checking for __builtin_clz()... yes
checking for __builtin_clzl()... yes
checking for __builtin_clzll()... yes
checking for float.h... yes
checking for math.h... yes
checking for stdbool.h... yes
checking for stdlib.h... yes
checking for x86intrin.h... yes
checking for _lzcnt_u32() in x86intrin.h... no
checking for _lzcnt_u64() in x86intrin.h... no
checking for intrin.h... no
checking for ruby/atomic.h... yes
checking for ruby/internal/has/builtin.h... yes
checking for ruby/internal/static_assert.h... yes
checking for rb_complex_real() in ruby.h... yes
checking for rb_complex_imag() in ruby.h... yes
checking for rb_opts_exception_p() in ruby.h... yes
checking for rb_category_warn() in ruby.h... yes
checking for RB_WARN_CATEGORY_DEPRECATED in ruby.h... yes
checking for RUBY_TYPED_EMBEDDABLE in ruby.h... yes
creating Makefile

current directory: /home/caio/projetos/myrottenpotatoes/.gems/gems/bigdecimal-4.1.1/ext/bigdecimal
make DESTDIR\= sitearchdir\=./.gem.20260408-204099-ujz6dx sitelibdir\=./.gem.20260408-204099-ujz6dx clean

current directory: /home/caio/projetos/myrottenpotatoes/.gems/gems/bigdecimal-4.1.1/ext/bigdecimal
make DESTDIR\= sitearchdir\=./.gem.20260408-204099-ujz6dx sitelibdir\=./.gem.20260408-204099-ujz6dx
compiling bigdecimal.c
compiling missing.c
linking shared-object bigdecimal.so

current directory: /home/caio/projetos/myrottenpotatoes/.gems/gems/bigdecimal-4.1.1/ext/bigdecimal
make DESTDIR\= sitearchdir\=./.gem.20260408-204099-ujz6dx sitelibdir\=./.gem.20260408-204099-ujz6dx install
install -c -p -m 755 bigdecimal.so ./.gem.20260408-204099-ujz6dx

current directory: /home/caio/projetos/myrottenpotatoes/.gems/gems/bigdecimal-4.1.1/ext/bigdecimal
make DESTDIR\= sitearchdir\=./.gem.20260408-204099-ujz6dx sitelibdir\=./.gem.20260408-204099-ujz6dx clean
