current directory: /home/caio/projetos/myrottenpotatoes/.gems/gems/prism-1.9.0/ext/prism
/nix/store/s57rf37r1i38kpm3nlv4h8f8z2w2n80d-ruby-3.4.8/bin/ruby extconf.rb
checking for prism.h in /home/caio/projetos/myrottenpotatoes/.gems/gems/prism-1.9.0/include... yes
checking for prism/extension.h in /home/caio/projetos/myrottenpotatoes/.gems/gems/prism-1.9.0/ext... yes
checking for whether -fvisibility=hidden is accepted as CFLAGS... yes
creating Makefile

current directory: /home/caio/projetos/myrottenpotatoes/.gems/gems/prism-1.9.0/ext/prism
make DESTDIR\= sitearchdir\=./.gem.20260408-204854-3j35pm sitelibdir\=./.gem.20260408-204854-3j35pm clean

current directory: /home/caio/projetos/myrottenpotatoes/.gems/gems/prism-1.9.0/ext/prism
make DESTDIR\= sitearchdir\=./.gem.20260408-204854-3j35pm sitelibdir\=./.gem.20260408-204854-3j35pm
compiling api_node.c
compiling api_pack.c
compiling extension.c
compiling ./../../src/diagnostic.c
compiling ./../../src/encoding.c
compiling ./../../src/node.c
compiling ./../../src/options.c
compiling ./../../src/pack.c
compiling ./../../src/prettyprint.c
compiling ./../../src/prism.c
compiling ./../../src/regexp.c
compiling ./../../src/serialize.c
compiling ./../../src/static_literals.c
compiling ./../../src/token_type.c
compiling ./../../src/util/pm_buffer.c
compiling ./../../src/util/pm_char.c
compiling ./../../src/util/pm_constant_pool.c
compiling ./../../src/util/pm_integer.c
compiling ./../../src/util/pm_list.c
compiling ./../../src/util/pm_memchr.c
compiling ./../../src/util/pm_newline_list.c
compiling ./../../src/util/pm_string.c
compiling ./../../src/util/pm_strncasecmp.c
compiling ./../../src/util/pm_strpbrk.c
linking shared-object prism/prism.so

current directory: /home/caio/projetos/myrottenpotatoes/.gems/gems/prism-1.9.0/ext/prism
make DESTDIR\= sitearchdir\=./.gem.20260408-204854-3j35pm sitelibdir\=./.gem.20260408-204854-3j35pm install
install -c -p -m 755 prism.so ./.gem.20260408-204854-3j35pm/prism

current directory: /home/caio/projetos/myrottenpotatoes/.gems/gems/prism-1.9.0/ext/prism
make DESTDIR\= sitearchdir\=./.gem.20260408-204854-3j35pm sitelibdir\=./.gem.20260408-204854-3j35pm clean
